#
# There is insufficient memory for the Java Runtime Environment to continue.
# Native memory allocation (mmap) failed to map 130023424 bytes for committing reserved memory.
# Possible reasons:
#   The system is out of physical RAM or swap space
#   The process is running with CompressedOops enabled, and the Java Heap may be blocking the growth of the native heap
# Possible solutions:
#   Reduce memory load on the system
#   Increase physical memory or swap space
#   Check if swap backing store is full
#   Decrease Java heap size (-Xmx/-Xms)
#   Decrease number of Java threads
#   Decrease Java thread stack sizes (-Xss)
#   Set larger code cache with -XX:ReservedCodeCacheSize=
# This output file may be truncated or incomplete.
#
#  Out of Memory Error (os_linux.cpp:2706), pid=6917, tid=6922
#
# JRE version:  (10.0.2+13) (build )
# Java VM: OpenJDK 64-Bit Server VM (10.0.2+13-Ubuntu-1ubuntu0.18.04.4, mixed mode, aot, tiered, compressed oops, g1 gc, linux-amd64)
# Core dump will be written. Default location: Core dumps may be processed with "/usr/share/apport/apport %p %s %c %d %P" (or dumping to /home/pix/NetBeansProjects/PClient/core.6917)
#

---------------  S U M M A R Y ------------

Command Line: -Dlog4j.configurationFile=log4j2.xml pexesoclient.PexesoClient

Host: Intel(R) Core(TM) i5-8250U CPU @ 1.60GHz, 8 cores, 7G, Ubuntu 18.04.1 LTS
Time: Thu Jan 24 10:07:59 2019 CET elapsed time: 0 seconds (0d 0h 0m 0s)

---------------  T H R E A D  ---------------

Current thread (0x00007f4914011800):  JavaThread "Unknown thread" [_thread_in_vm, id=6922, stack(0x00007f491ba27000,0x00007f491bb28000)]

Stack: [0x00007f491ba27000,0x00007f491bb28000],  sp=0x00007f491bb262e0,  free space=1020k
Native frames: (J=compiled Java code, A=aot compiled Java code, j=interpreted, Vv=VM code, C=native code)
V  [libjvm.so+0xd27ea4]
V  [libjvm.so+0xd28a4b]
V  [libjvm.so+0x64d415]
V  [libjvm.so+0xb2d7c8]
V  [libjvm.so+0xb2601d]
V  [libjvm.so+0x7662ff]
V  [libjvm.so+0x76653e]
V  [libjvm.so+0x769500]
V  [libjvm.so+0x7efa1c]
V  [libjvm.so+0x7f06df]
V  [libjvm.so+0x7f0b59]
V  [libjvm.so+0x7162cf]
V  [libjvm.so+0x71afd3]
V  [libjvm.so+0xce5dc2]
V  [libjvm.so+0xce60c6]
V  [libjvm.so+0x807d57]
V  [libjvm.so+0xcc7ac4]
V  [libjvm.so+0x8601b1]  JNI_CreateJavaVM+0x51
C  [libjli.so+0x3d83]
C  [libjli.so+0x89dd]
C  [libpthread.so.0+0x76db]  start_thread+0xdb


---------------  P R O C E S S  ---------------

Threads class SMR info:
_java_thread_list=0x0000559ddcbd57e0, length=0, elements={
}

Java Threads: ( => current thread )

Other Threads:
  0x00007f4914028800 GCTaskThread "GC Thread#0" [stack: 0x00007f48fb649000,0x00007f48fb749000] [id=6923]
  0x00007f491402a000 GCTaskThread "GC Thread#1" [stack: 0x00007f48fb547000,0x00007f48fb647000] [id=6924]
  0x00007f491402c000 GCTaskThread "GC Thread#2" [stack: 0x00007f48fb445000,0x00007f48fb545000] [id=6925]
  0x00007f491402d800 GCTaskThread "GC Thread#3" [stack: 0x00007f48fb343000,0x00007f48fb443000] [id=6926]
  0x00007f491402f000 GCTaskThread "GC Thread#4" [stack: 0x00007f48fb241000,0x00007f48fb341000] [id=6927]
  0x00007f4914031000 GCTaskThread "GC Thread#5" [stack: 0x00007f48fb13f000,0x00007f48fb23f000] [id=6928]
  0x00007f4914032800 GCTaskThread "GC Thread#6" [stack: 0x00007f48fb03d000,0x00007f48fb13d000] [id=6929]
  0x00007f4914034800 GCTaskThread "GC Thread#7" [stack: 0x00007f48faf3b000,0x00007f48fb03b000] [id=6930]
  0x00007f491405d800 ConcurrentGCThread "G1 Main Marker" [stack: 0x00007f48f9aaf000,0x00007f48f9baf000] [id=6931]
  0x00007f491405f800 ConcurrentGCThread "G1 Conc#0" [stack: 0x00007f48f99ad000,0x00007f48f9aad000] [id=6932]
  0x00007f4914061000 ConcurrentGCThread "G1 Conc#1" [stack: 0x00007f48f98ab000,0x00007f48f99ab000] [id=6933]

[error occurred during error reporting (printing all threads), id 0xe0000002]

VM state:not at safepoint (not fully initialized)

VM Mutex/Monitor currently owned by a thread:  ([mutex/lock_event])
[0x00007f491400e6b0] Heap_lock - owner thread: 0x00007f4914011800

Heap address: 0x0000000085400000, size: 1964 MB, Compressed Oops mode: Non-zero based: 0x0000000085400000
Narrow klass base: 0x0000000000000000, Narrow klass shift: 0

GC Heap History (0 events):
No events

Deoptimization events (0 events):
No events

Classes redefined (0 events):
No events

Internal exceptions (0 events):
No events

Events (0 events):
No events


Dynamic libraries:
8d000000-100000000 ---p 00000000 00:00 0 
559ddc3fe000-559ddc3ff000 r-xp 00000000 08:02 530031                     /usr/lib/jvm/java-11-openjdk-amd64/bin/java
559ddc5ff000-559ddc600000 r--p 00001000 08:02 530031                     /usr/lib/jvm/java-11-openjdk-amd64/bin/java
559ddc600000-559ddc601000 rw-p 00002000 08:02 530031                     /usr/lib/jvm/java-11-openjdk-amd64/bin/java
559ddcbbe000-559ddcbdf000 rw-p 00000000 00:00 0                          [heap]
7f48c6000000-7f48c8000000 rw-p 00000000 00:00 0 
7f48c8000000-7f48c8021000 rw-p 00000000 00:00 0 
7f48c8021000-7f48cc000000 ---p 00000000 00:00 0 
7f48cc000000-7f48cc021000 rw-p 00000000 00:00 0 
7f48cc021000-7f48d0000000 ---p 00000000 00:00 0 
7f48d0000000-7f48d0021000 rw-p 00000000 00:00 0 
7f48d0021000-7f48d4000000 ---p 00000000 00:00 0 
7f48d4000000-7f48d4021000 rw-p 00000000 00:00 0 
7f48d4021000-7f48d8000000 ---p 00000000 00:00 0 
7f48d82a0000-7f48dc000000 ---p 00000000 00:00 0 
7f48dc000000-7f48dc021000 rw-p 00000000 00:00 0 
7f48dc021000-7f48e0000000 ---p 00000000 00:00 0 
7f48e0000000-7f48e0021000 rw-p 00000000 00:00 0 
7f48e0021000-7f48e4000000 ---p 00000000 00:00 0 
7f48e4000000-7f48e4021000 rw-p 00000000 00:00 0 
7f48e4021000-7f48e8000000 ---p 00000000 00:00 0 
7f48e8000000-7f48e8021000 rw-p 00000000 00:00 0 
7f48e8021000-7f48ec000000 ---p 00000000 00:00 0 
7f48ec000000-7f48ec021000 rw-p 00000000 00:00 0 
7f48ec021000-7f48f0000000 ---p 00000000 00:00 0 
7f48f0000000-7f48f0021000 rw-p 00000000 00:00 0 
7f48f0021000-7f48f4000000 ---p 00000000 00:00 0 
7f48f4000000-7f48f4021000 rw-p 00000000 00:00 0 
7f48f4021000-7f48f8000000 ---p 00000000 00:00 0 
7f48f90a1000-7f48f98a9000 rw-p 00000000 00:00 0 
7f48f98a9000-7f48f98aa000 ---p 00000000 00:00 0 
7f48f98aa000-7f48f99ab000 rw-p 00000000 00:00 0 
7f48f99ab000-7f48f99ac000 ---p 00000000 00:00 0 
7f48f99ac000-7f48f9aad000 rw-p 00000000 00:00 0 
7f48f9aad000-7f48f9aae000 ---p 00000000 00:00 0 
7f48f9aae000-7f48f9baf000 rw-p 00000000 00:00 0 
7f48f9baf000-7f48fa731000 ---p 00000000 00:00 0 
7f48fa731000-7f48faf39000 rw-p 00000000 00:00 0 
7f48faf39000-7f48faf3a000 ---p 00000000 00:00 0 
7f48faf3a000-7f48fb03b000 rw-p 00000000 00:00 0 
7f48fb03b000-7f48fb03c000 ---p 00000000 00:00 0 
7f48fb03c000-7f48fb13d000 rw-p 00000000 00:00 0 
7f48fb13d000-7f48fb13e000 ---p 00000000 00:00 0 
7f48fb13e000-7f48fb23f000 rw-p 00000000 00:00 0 
7f48fb23f000-7f48fb240000 ---p 00000000 00:00 0 
7f48fb240000-7f48fb341000 rw-p 00000000 00:00 0 
7f48fb341000-7f48fb342000 ---p 00000000 00:00 0 
7f48fb342000-7f48fb443000 rw-p 00000000 00:00 0 
7f48fb443000-7f48fb444000 ---p 00000000 00:00 0 
7f48fb444000-7f48fb545000 rw-p 00000000 00:00 0 
7f48fb545000-7f48fb546000 ---p 00000000 00:00 0 
7f48fb546000-7f48fb647000 rw-p 00000000 00:00 0 
7f48fb647000-7f48fb648000 ---p 00000000 00:00 0 
7f48fb648000-7f48fb74e000 rw-p 00000000 00:00 0 
7f48fb74e000-7f48fb834000 ---p 00000000 00:00 0 
7f48fb834000-7f48fb839000 rw-p 00000000 00:00 0 
7f48fb839000-7f48fb91f000 ---p 00000000 00:00 0 
7f48fb91f000-7f48fbb8f000 rwxp 00000000 00:00 0 
7f48fbb8f000-7f48fbeb0000 ---p 00000000 00:00 0 
7f48fbeb0000-7f48fc120000 rwxp 00000000 00:00 0 
7f48fc120000-7f49033e7000 ---p 00000000 00:00 0 
7f49033e7000-7f4903657000 rwxp 00000000 00:00 0 
7f4903657000-7f490a91f000 ---p 00000000 00:00 0 
7f490a91f000-7f4913dfa000 r--s 00000000 08:02 530206                     /usr/lib/jvm/java-11-openjdk-amd64/lib/modules
7f4913dfa000-7f4913dff000 r-xp 00000000 08:02 530188                     /usr/lib/jvm/java-11-openjdk-amd64/lib/libjimage.so
7f4913dff000-7f4913ffe000 ---p 00005000 08:02 530188                     /usr/lib/jvm/java-11-openjdk-amd64/lib/libjimage.so
7f4913ffe000-7f4913fff000 r--p 00004000 08:02 530188                     /usr/lib/jvm/java-11-openjdk-amd64/lib/libjimage.so
7f4913fff000-7f4914000000 rw-p 00005000 08:02 530188                     /usr/lib/jvm/java-11-openjdk-amd64/lib/libjimage.so
7f4914000000-7f4914079000 rw-p 00000000 00:00 0 
7f4914079000-7f4918000000 ---p 00000000 00:00 0 
7f491802f000-7f4918036000 r-xp 00000000 08:02 530205                     /usr/lib/jvm/java-11-openjdk-amd64/lib/libzip.so
7f4918036000-7f4918235000 ---p 00007000 08:02 530205                     /usr/lib/jvm/java-11-openjdk-amd64/lib/libzip.so
7f4918235000-7f4918236000 r--p 00006000 08:02 530205                     /usr/lib/jvm/java-11-openjdk-amd64/lib/libzip.so
7f4918236000-7f4918237000 rw-p 00007000 08:02 530205                     /usr/lib/jvm/java-11-openjdk-amd64/lib/libzip.so
7f4918237000-7f4918242000 r-xp 00000000 08:02 7082798                    /lib/x86_64-linux-gnu/libnss_files-2.27.so
7f4918242000-7f4918441000 ---p 0000b000 08:02 7082798                    /lib/x86_64-linux-gnu/libnss_files-2.27.so
7f4918441000-7f4918442000 r--p 0000a000 08:02 7082798                    /lib/x86_64-linux-gnu/libnss_files-2.27.so
7f4918442000-7f4918443000 rw-p 0000b000 08:02 7082798                    /lib/x86_64-linux-gnu/libnss_files-2.27.so
7f4918443000-7f4918449000 rw-p 00000000 00:00 0 
7f4918449000-7f4918460000 r-xp 00000000 08:02 7082792                    /lib/x86_64-linux-gnu/libnsl-2.27.so
7f4918460000-7f491865f000 ---p 00017000 08:02 7082792                    /lib/x86_64-linux-gnu/libnsl-2.27.so
7f491865f000-7f4918660000 r--p 00016000 08:02 7082792                    /lib/x86_64-linux-gnu/libnsl-2.27.so
7f4918660000-7f4918661000 rw-p 00017000 08:02 7082792                    /lib/x86_64-linux-gnu/libnsl-2.27.so
7f4918661000-7f4918663000 rw-p 00000000 00:00 0 
7f4918663000-7f491866e000 r-xp 00000000 08:02 7082809                    /lib/x86_64-linux-gnu/libnss_nis-2.27.so
7f491866e000-7f491886d000 ---p 0000b000 08:02 7082809                    /lib/x86_64-linux-gnu/libnss_nis-2.27.so
7f491886d000-7f491886e000 r--p 0000a000 08:02 7082809                    /lib/x86_64-linux-gnu/libnss_nis-2.27.so
7f491886e000-7f491886f000 rw-p 0000b000 08:02 7082809                    /lib/x86_64-linux-gnu/libnss_nis-2.27.so
7f491886f000-7f4918877000 r-xp 00000000 08:02 7082794                    /lib/x86_64-linux-gnu/libnss_compat-2.27.so
7f4918877000-7f4918a77000 ---p 00008000 08:02 7082794                    /lib/x86_64-linux-gnu/libnss_compat-2.27.so
7f4918a77000-7f4918a78000 r--p 00008000 08:02 7082794                    /lib/x86_64-linux-gnu/libnss_compat-2.27.so
7f4918a78000-7f4918a79000 rw-p 00009000 08:02 7082794                    /lib/x86_64-linux-gnu/libnss_compat-2.27.so
7f4918a79000-7f4918aa5000 r-xp 00000000 08:02 530184                     /usr/lib/jvm/java-11-openjdk-amd64/lib/libjava.so
7f4918aa5000-7f4918ca4000 ---p 0002c000 08:02 530184                     /usr/lib/jvm/java-11-openjdk-amd64/lib/libjava.so
7f4918ca4000-7f4918ca5000 r--p 0002b000 08:02 530184                     /usr/lib/jvm/java-11-openjdk-amd64/lib/libjava.so
7f4918ca5000-7f4918ca7000 rw-p 0002c000 08:02 530184                     /usr/lib/jvm/java-11-openjdk-amd64/lib/libjava.so
7f4918ca7000-7f4918cb4000 r-xp 00000000 08:02 530204                     /usr/lib/jvm/java-11-openjdk-amd64/lib/libverify.so
7f4918cb4000-7f4918eb3000 ---p 0000d000 08:02 530204                     /usr/lib/jvm/java-11-openjdk-amd64/lib/libverify.so
7f4918eb3000-7f4918eb5000 r--p 0000c000 08:02 530204                     /usr/lib/jvm/java-11-openjdk-amd64/lib/libverify.so
7f4918eb5000-7f4918eb6000 rw-p 0000e000 08:02 530204                     /usr/lib/jvm/java-11-openjdk-amd64/lib/libverify.so
7f4918eb6000-7f4918ebd000 r-xp 00000000 08:02 7082849                    /lib/x86_64-linux-gnu/librt-2.27.so
7f4918ebd000-7f49190bc000 ---p 00007000 08:02 7082849                    /lib/x86_64-linux-gnu/librt-2.27.so
7f49190bc000-7f49190bd000 r--p 00006000 08:02 7082849                    /lib/x86_64-linux-gnu/librt-2.27.so
7f49190bd000-7f49190be000 rw-p 00007000 08:02 7082849                    /lib/x86_64-linux-gnu/librt-2.27.so
7f49190be000-7f49190d5000 r-xp 00000000 08:02 7077977                    /lib/x86_64-linux-gnu/libgcc_s.so.1
7f49190d5000-7f49192d4000 ---p 00017000 08:02 7077977                    /lib/x86_64-linux-gnu/libgcc_s.so.1
7f49192d4000-7f49192d5000 r--p 00016000 08:02 7077977                    /lib/x86_64-linux-gnu/libgcc_s.so.1
7f49192d5000-7f49192d6000 rw-p 00017000 08:02 7077977                    /lib/x86_64-linux-gnu/libgcc_s.so.1
7f49192d6000-7f4919473000 r-xp 00000000 08:02 7082771                    /lib/x86_64-linux-gnu/libm-2.27.so
7f4919473000-7f4919672000 ---p 0019d000 08:02 7082771                    /lib/x86_64-linux-gnu/libm-2.27.so
7f4919672000-7f4919673000 r--p 0019c000 08:02 7082771                    /lib/x86_64-linux-gnu/libm-2.27.so
7f4919673000-7f4919674000 rw-p 0019d000 08:02 7082771                    /lib/x86_64-linux-gnu/libm-2.27.so
7f4919674000-7f49197ed000 r-xp 00000000 08:02 524585                     /usr/lib/x86_64-linux-gnu/libstdc++.so.6.0.25
7f49197ed000-7f49199ed000 ---p 00179000 08:02 524585                     /usr/lib/x86_64-linux-gnu/libstdc++.so.6.0.25
7f49199ed000-7f49199f7000 r--p 00179000 08:02 524585                     /usr/lib/x86_64-linux-gnu/libstdc++.so.6.0.25
7f49199f7000-7f49199f9000 rw-p 00183000 08:02 524585                     /usr/lib/x86_64-linux-gnu/libstdc++.so.6.0.25
7f49199f9000-7f49199fd000 rw-p 00000000 00:00 0 
7f49199fd000-7f491a99a000 r-xp 00000000 08:02 530211                     /usr/lib/jvm/java-11-openjdk-amd64/lib/server/libjvm.so
7f491a99a000-7f491ab9a000 ---p 00f9d000 08:02 530211                     /usr/lib/jvm/java-11-openjdk-amd64/lib/server/libjvm.so
7f491ab9a000-7f491ac5e000 r--p 00f9d000 08:02 530211                     /usr/lib/jvm/java-11-openjdk-amd64/lib/server/libjvm.so
7f491ac5e000-7f491ac96000 rw-p 01061000 08:02 530211                     /usr/lib/jvm/java-11-openjdk-amd64/lib/server/libjvm.so
7f491ac96000-7f491acdf000 rw-p 00000000 00:00 0 
7f491acdf000-7f491acf9000 r-xp 00000000 08:02 7082841                    /lib/x86_64-linux-gnu/libpthread-2.27.so
7f491acf9000-7f491aef8000 ---p 0001a000 08:02 7082841                    /lib/x86_64-linux-gnu/libpthread-2.27.so
7f491aef8000-7f491aef9000 r--p 00019000 08:02 7082841                    /lib/x86_64-linux-gnu/libpthread-2.27.so
7f491aef9000-7f491aefa000 rw-p 0001a000 08:02 7082841                    /lib/x86_64-linux-gnu/libpthread-2.27.so
7f491aefa000-7f491aefe000 rw-p 00000000 00:00 0 
7f491aefe000-7f491af01000 r-xp 00000000 08:02 7082731                    /lib/x86_64-linux-gnu/libdl-2.27.so
7f491af01000-7f491b100000 ---p 00003000 08:02 7082731                    /lib/x86_64-linux-gnu/libdl-2.27.so
7f491b100000-7f491b101000 r--p 00002000 08:02 7082731                    /lib/x86_64-linux-gnu/libdl-2.27.so
7f491b101000-7f491b102000 rw-p 00003000 08:02 7082731                    /lib/x86_64-linux-gnu/libdl-2.27.so
7f491b102000-7f491b11e000 r-xp 00000000 08:02 7082880                    /lib/x86_64-linux-gnu/libz.so.1.2.11
7f491b11e000-7f491b31d000 ---p 0001c000 08:02 7082880                    /lib/x86_64-linux-gnu/libz.so.1.2.11
7f491b31d000-7f491b31e000 r--p 0001b000 08:02 7082880                    /lib/x86_64-linux-gnu/libz.so.1.2.11
7f491b31e000-7f491b31f000 rw-p 0001c000 08:02 7082880                    /lib/x86_64-linux-gnu/libz.so.1.2.11
7f491b31f000-7f491b506000 r-xp 00000000 08:02 7082708                    /lib/x86_64-linux-gnu/libc-2.27.so
7f491b506000-7f491b706000 ---p 001e7000 08:02 7082708                    /lib/x86_64-linux-gnu/libc-2.27.so
7f491b706000-7f491b70a000 r--p 001e7000 08:02 7082708                    /lib/x86_64-linux-gnu/libc-2.27.so
7f491b70a000-7f491b70c000 rw-p 001eb000 08:02 7082708                    /lib/x86_64-linux-gnu/libc-2.27.so
7f491b70c000-7f491b710000 rw-p 00000000 00:00 0 
7f491b710000-7f491b71f000 r-xp 00000000 08:02 530169                     /usr/lib/jvm/java-11-openjdk-amd64/lib/jli/libjli.so
7f491b71f000-7f491b91e000 ---p 0000f000 08:02 530169                     /usr/lib/jvm/java-11-openjdk-amd64/lib/jli/libjli.so
7f491b91e000-7f491b91f000 r--p 0000e000 08:02 530169                     /usr/lib/jvm/java-11-openjdk-amd64/lib/jli/libjli.so
7f491b91f000-7f491b920000 rw-p 0000f000 08:02 530169                     /usr/lib/jvm/java-11-openjdk-amd64/lib/jli/libjli.so
7f491b920000-7f491b947000 r-xp 00000000 08:02 7082680                    /lib/x86_64-linux-gnu/ld-2.27.so
7f491b96a000-7f491ba27000 rw-p 00000000 00:00 0 
7f491ba27000-7f491ba2b000 ---p 00000000 00:00 0 
7f491ba2b000-7f491bb2a000 rw-p 00000000 00:00 0 
7f491bb2e000-7f491bb34000 rw-p 00000000 00:00 0 
7f491bb34000-7f491bb3b000 ---p 00000000 00:00 0 
7f491bb3b000-7f491bb43000 rw-s 00000000 08:02 6555568                    /tmp/hsperfdata_pix/6917
7f491bb43000-7f491bb44000 ---p 00000000 00:00 0 
7f491bb44000-7f491bb45000 r--p 00000000 00:00 0 
7f491bb45000-7f491bb47000 rw-p 00000000 00:00 0 
7f491bb47000-7f491bb48000 r--p 00027000 08:02 7082680                    /lib/x86_64-linux-gnu/ld-2.27.so
7f491bb48000-7f491bb49000 rw-p 00028000 08:02 7082680                    /lib/x86_64-linux-gnu/ld-2.27.so
7f491bb49000-7f491bb4a000 rw-p 00000000 00:00 0 
7ffdaad9b000-7ffdaadbc000 rw-p 00000000 00:00 0                          [stack]
7ffdaadc0000-7ffdaadc3000 r--p 00000000 00:00 0                          [vvar]
7ffdaadc3000-7ffdaadc5000 r-xp 00000000 00:00 0                          [vdso]
ffffffffff600000-ffffffffff601000 r-xp 00000000 00:00 0                  [vsyscall]


VM Arguments:
jvm_args: -Dlog4j.configurationFile=log4j2.xml 
java_command: pexesoclient.PexesoClient
java_class_path (initial): /home/pix/NetBeansProjects/PClient/target/classes:/home/pix/.m2/repository/org/apache/logging/log4j/log4j-api/2.6.1/log4j-api-2.6.1.jar:/home/pix/.m2/repository/org/apache/logging/log4j/log4j-core/2.6.1/log4j-core-2.6.1.jar:/home/pix/.m2/repository/org/apache/logging/log4j/log4j-slf4j-impl/2.6.1/log4j-slf4j-impl-2.6.1.jar:/home/pix/.m2/repository/org/slf4j/slf4j-api/1.7.21/slf4j-api-1.7.21.jar
Launcher Type: SUN_STANDARD

Logging:
Log output configuration:
#0: stdout all=warning uptime,level,tags
#1: stderr all=off uptime,level,tags

Environment Variables:
JAVA_HOME=/usr/lib/jvm/java-11-openjdk-amd64
PATH=/usr/local/sbin:/usr/local/bin:/usr/sbin:/usr/bin:/sbin:/bin:/usr/games:/usr/local/games:/snap/bin
USERNAME=pix
SHELL=/bin/bash
DISPLAY=:0

Signal Handlers:
SIGSEGV: [libjvm.so+0xd28b70], sa_mask[0]=11111111011111111101111111111110, sa_flags=SA_RESTART|SA_SIGINFO
SIGBUS: [libjvm.so+0xd28b70], sa_mask[0]=11111111011111111101111111111110, sa_flags=SA_RESTART|SA_SIGINFO
SIGFPE: [libjvm.so+0xd28b70], sa_mask[0]=11111111011111111101111111111110, sa_flags=SA_RESTART|SA_SIGINFO
SIGPIPE: [libjvm.so+0xb2a1f0], sa_mask[0]=11111111011111111101111111111110, sa_flags=SA_RESTART|SA_SIGINFO
SIGXFSZ: [libjvm.so+0xb2a1f0], sa_mask[0]=11111111011111111101111111111110, sa_flags=SA_RESTART|SA_SIGINFO
SIGILL: [libjvm.so+0xd28b70], sa_mask[0]=11111111011111111101111111111110, sa_flags=SA_RESTART|SA_SIGINFO
SIGUSR2: [libjvm.so+0xb2a030], sa_mask[0]=00100000000000000000000000000000, sa_flags=SA_RESTART|SA_SIGINFO
SIGHUP: SIG_DFL, sa_mask[0]=00000000000000000000000000000000, sa_flags=none
SIGINT: SIG_IGN, sa_mask[0]=00000000000000000000000000000000, sa_flags=none
SIGTERM: SIG_DFL, sa_mask[0]=00000000000000000000000000000000, sa_flags=none
SIGQUIT: SIG_DFL, sa_mask[0]=00000000000000000000000000000000, sa_flags=none


---------------  S Y S T E M  ---------------

OS:DISTRIB_ID=Ubuntu
DISTRIB_RELEASE=18.04
DISTRIB_CODENAME=bionic
DISTRIB_DESCRIPTION="Ubuntu 18.04.1 LTS"
uname:Linux 4.15.0-43-generic #46-Ubuntu SMP Thu Dec 6 14:45:28 UTC 2018 x86_64
libc:glibc 2.27 NPTL 2.27 
rlimit: STACK 8192k, CORE 0k, NPROC 30995, NOFILE 1048576, AS infinity, DATA infinity, FSIZE infinity
load average:11.66 6.48 3.61

/proc/meminfo:
MemTotal:        8039820 kB
MemFree:          132516 kB
MemAvailable:      56412 kB
Buffers:            3324 kB
Cached:           811864 kB
SwapCached:         2056 kB
Active:          6464024 kB
Inactive:         931124 kB
Active(anon):    6439980 kB
Inactive(anon):   900676 kB
Active(file):      24044 kB
Inactive(file):    30448 kB
Unevictable:         392 kB
Mlocked:             392 kB
SwapTotal:       2097148 kB
SwapFree:              0 kB
Dirty:               920 kB
Writeback:             0 kB
AnonPages:       6579416 kB
Mapped:           292124 kB
Shmem:            759848 kB
Slab:             195436 kB
SReclaimable:      73112 kB
SUnreclaim:       122324 kB
KernelStack:       29664 kB
PageTables:       131024 kB
NFS_Unstable:          0 kB
Bounce:                0 kB
WritebackTmp:          0 kB
CommitLimit:     6117056 kB
Committed_AS:   24884828 kB
VmallocTotal:   34359738367 kB
VmallocUsed:           0 kB
VmallocChunk:          0 kB
HardwareCorrupted:     0 kB
AnonHugePages:         0 kB
ShmemHugePages:        0 kB
ShmemPmdMapped:        0 kB
CmaTotal:              0 kB
CmaFree:               0 kB
HugePages_Total:       0
HugePages_Free:        0
HugePages_Rsvd:        0
HugePages_Surp:        0
Hugepagesize:       2048 kB
DirectMap4k:      544756 kB
DirectMap2M:     7716864 kB
DirectMap1G:           0 kB

container (cgroup) information:
container_type: cgroupv1
cpu_cpuset_cpus: 0-7
cpu_memory_nodes: 0
active_processor_count: 8
cpu_quota: -1
cpu_period: 100000
cpu_shares: -1
memory_limit_in_bytes: -1
memory_and_swap_limit_in_bytes: -2
memory_soft_limit_in_bytes: -1
memory_usage_in_bytes: 7574212608
memory_max_usage_in_bytes: 8896512


CPU:total 8 (initial active 8) (4 cores per cpu, 2 threads per core) family 6 model 142 stepping 10, cmov, cx8, fxsr, mmx, sse, sse2, sse3, ssse3, sse4.1, sse4.2, popcnt, avx, avx2, aes, clmul, erms, 3dnowpref, lzcnt, ht, tsc, tscinvbit, bmi1, bmi2, adx, fma
CPU Model and flags from /proc/cpuinfo:
model name	: Intel(R) Core(TM) i5-8250U CPU @ 1.60GHz
flags		: fpu vme de pse tsc msr pae mce cx8 apic sep mtrr pge mca cmov pat pse36 clflush dts acpi mmx fxsr sse sse2 ss ht tm pbe syscall nx pdpe1gb rdtscp lm constant_tsc art arch_perfmon pebs bts rep_good nopl xtopology nonstop_tsc cpuid aperfmperf tsc_known_freq pni pclmulqdq dtes64 monitor ds_cpl vmx est tm2 ssse3 sdbg fma cx16 xtpr pdcm pcid sse4_1 sse4_2 x2apic movbe popcnt tsc_deadline_timer aes xsave avx f16c rdrand lahf_lm abm 3dnowprefetch cpuid_fault epb invpcid_single pti ssbd ibrs ibpb stibp tpr_shadow vnmi flexpriority ept vpid fsgsbase tsc_adjust bmi1 avx2 smep bmi2 erms invpcid mpx rdseed adx smap clflushopt intel_pt xsaveopt xsavec xgetbv1 xsaves dtherm ida arat pln pts hwp hwp_notify hwp_act_window hwp_epp flush_l1d

Memory: 4k page, physical 8039820k(132516k free), swap 2097148k(0k free)

vm_info: OpenJDK 64-Bit Server VM (10.0.2+13-Ubuntu-1ubuntu0.18.04.4) for linux-amd64 JRE (10.0.2+13-Ubuntu-1ubuntu0.18.04.4), built on Nov 13 2018 12:53:39 by "buildd" with gcc 7.3.0

END.
